<?xml version="1.0" encoding="UTF-8"?>
<testsuites name="Healcare Login" time="10.155" tests="1" failures="0" errors="0">
   <testsuite name="Healcare Login" tests="1" failures="0" errors="0" time="10.155" skipped="0" timestamp="2023-01-27 10:31:52" hostname="khang.dang - 10.10.34.211" id="Test Suites/Healcare Login">
      <properties>
         <property name="deviceName" value=""/>
         <property name="devicePlatform" value=""/>
         <property name="logFolder" value="/Users/khang.dang/Desktop/UserTest/Reports/20230127_103139/Healcare Login/20230127_103139"/>
         <property name="logFiles" value="/Users/khang.dang/Desktop/UserTest/Reports/20230127_103139/Healcare Login/20230127_103139/execution0.log"/>
         <property name="attachments" value=""/>
         <property name="hostName" value="khang.dang - 10.10.34.211"/>
         <property name="os" value="Mac OS X 64bit"/>
         <property name="katalonVersion" value="8.4.0.208"/>
         <property name="browser" value="Chrome 109.0.0.0"/>
         <property name="hostAddress" value="10.10.34.211"/>
         <property name="sessionId" value="e050a46867736777dfde9747e4e27bf6"/>
         <property name="seleniumVersion" value="3.141.59"/>
         <property name="proxyInformation" value="ProxyInformation { proxyOption=NO_PROXY, proxyServerType=HTTP, username=, password=********, proxyServerAddress=, proxyServerPort=0, executionList=&quot;&quot;, isApplyToDesiredCapabilities=true }"/>
         <property name="platform" value="Mac OS X"/>
      </properties>
      <testcase name="Test Cases/Healthcare Login" time="9.857" classname="Test Cases/Healthcare Login" status="PASSED">
         <system-out><![CDATA[2023-01-27 10:31:52 - [TEST_CASE][PASSED] - Test Cases/Healthcare Login: Test Cases/Healthcare Login

2023-01-27 10:31:52 - [TEST_STEP][PASSED] - Start listener action : enableSauceLabs: [SAUCELABS] Saucelabs Plugin will not attempt to auto update job status and information !

2023-01-27 10:31:52 - [MESSAGE][INFO] - [SAUCELABS] Current run configuration: Chrome

2023-01-27 10:31:52 - [MESSAGE][INFO] - [SAUCELABS] Saucelabs Plugin will not attempt to auto update job status and information !

2023-01-27 10:31:52 - [TEST_STEP][PASSED] - openBrowser(""): Browser is opened with url: ''

2023-01-27 10:31:53 - [MESSAGE][INFO] - Starting 'Chrome' driver

2023-01-27 10:31:53 - [MESSAGE][INFO] - User set preference: ['args', '[--no-sandbox, --disable-dev-shm-usage, --disable-gpu, --disable-extension, --remote-debugging-port=9222, --crash-dumps-dir=/tmp]']

2023-01-27 10:31:53 - [MESSAGE][INFO] - Action delay is set to 0 milliseconds

2023-01-27 10:31:55 - [MESSAGE][PASSED] - Browser is opened with url: ''

2023-01-27 10:31:55 - [TEST_STEP][PASSED] - navigateToUrl("https://katalon-demo-cura.herokuapp.com/"): Navigate to 'https://katalon-demo-cura.herokuapp.com/' successfully

2023-01-27 10:31:58 - [MESSAGE][PASSED] - Navigate to 'https://katalon-demo-cura.herokuapp.com/' successfully

2023-01-27 10:31:58 - [TEST_STEP][PASSED] - click(findTestObject("Object Repository/Page_CURA Healthcare Service/a_Make Appointment")): Object: 'Object Repository/Page_CURA Healthcare Service/a_Make Appointment' is clicked on

2023-01-27 10:31:59 - [MESSAGE][PASSED] - Object: 'Object Repository/Page_CURA Healthcare Service/a_Make Appointment' is clicked on

2023-01-27 10:31:59 - [TEST_STEP][PASSED] - setText(findTestObject("Object Repository/Page_CURA Healthcare Service/input_Username_username"), "John Doe"): Text 'John Doe' is set on object 'Object Repository/Page_CURA Healthcare Service/input_Username_username'

2023-01-27 10:32:00 - [MESSAGE][PASSED] - Text 'John Doe' is set on object 'Object Repository/Page_CURA Healthcare Service/input_Username_username'

2023-01-27 10:32:00 - [TEST_STEP][PASSED] - setEncryptedText(findTestObject("Object Repository/Page_CURA Healthcare Service/input_Password_password"), "g3/DOGG74jC3Flrr3yH+3D/yKbOqqUNM"): Text ****** has been set on object 'Object Repository/Page_CURA Healthcare Service/input_Password_password'

2023-01-27 10:32:01 - [MESSAGE][PASSED] - Text ****** has been set on object 'Object Repository/Page_CURA Healthcare Service/input_Password_password'

2023-01-27 10:32:01 - [TEST_STEP][PASSED] - click(findTestObject("Object Repository/Page_CURA Healthcare Service/button_Login")): Object: 'Object Repository/Page_CURA Healthcare Service/button_Login' is clicked on

2023-01-27 10:32:02 - [MESSAGE][PASSED] - Object: 'Object Repository/Page_CURA Healthcare Service/button_Login' is clicked on

2023-01-27 10:32:02 - [TEST_STEP][PASSED] - Start listener action : sampleAfterTestCase: null

2023-01-27 10:32:02 - [TEST_STEP][PASSED] - Start listener action : autoUpdateJobStatus: [SAUCELABS] Current run configuration: Chrome

2023-01-27 10:32:02 - [MESSAGE][INFO] - [SAUCELABS] Current run configuration: Chrome]]></system-out>
         <system-err><![CDATA[]]></system-err>
      </testcase>
      <system-out><![CDATA[2023-01-27 10:31:52 - [TEST_SUITE][PASSED] - Healcare Login: Test Cases/Healthcare Login]]></system-out>
      <system-err><![CDATA[]]></system-err>
   </testsuite>
</testsuites>
