<?xml version="1.0" encoding="UTF-8"?>
<testsuites name="Demo Healcare Login" time="12.198" tests="1" failures="0" errors="0">
   <testsuite name="Demo Healcare Login" tests="1" failures="0" errors="0" time="12.198" skipped="0" timestamp="2023-01-27 23:17:26" hostname="khang.dang - 192.168.1.252" id="Test Suites/Demo Healcare Login">
      <properties>
         <property name="deviceName" value=""/>
         <property name="devicePlatform" value=""/>
         <property name="logFolder" value="/Users/khang.dang/Desktop/UserTest/Reports/20230127_231715/Demo Healcare Login/20230127_231715"/>
         <property name="logFiles" value="/Users/khang.dang/Desktop/UserTest/Reports/20230127_231715/Demo Healcare Login/20230127_231715/execution0.log"/>
         <property name="attachments" value=""/>
         <property name="hostName" value="khang.dang - 192.168.1.252"/>
         <property name="os" value="Mac OS X 64bit"/>
         <property name="katalonVersion" value="8.4.0.208"/>
         <property name="browser" value="Chrome 109.0.0.0"/>
         <property name="hostAddress" value="192.168.1.252"/>
         <property name="sessionId" value="f73f656cee1478fba48c708a62b798e8"/>
         <property name="seleniumVersion" value="3.141.59"/>
         <property name="proxyInformation" value="ProxyInformation { proxyOption=NO_PROXY, proxyServerType=HTTP, username=, password=********, proxyServerAddress=, proxyServerPort=0, executionList=&quot;&quot;, isApplyToDesiredCapabilities=true }"/>
         <property name="platform" value="Mac OS X"/>
      </properties>
      <testcase name="Test Cases/Demo Healthcare Login" time="11.908" classname="Test Cases/Demo Healthcare Login" status="PASSED">
         <system-out><![CDATA[2023-01-27 23:17:26 - [TEST_CASE][PASSED] - Test Cases/Demo Healthcare Login: Test Cases/Demo Healthcare Login

2023-01-27 23:17:26 - [TEST_STEP][PASSED] - Start listener action : enableSauceLabs: [SAUCELABS] Saucelabs Plugin will not attempt to auto update job status and information !

2023-01-27 23:17:26 - [MESSAGE][INFO] - [SAUCELABS] Current run configuration: Chrome

2023-01-27 23:17:26 - [MESSAGE][INFO] - [SAUCELABS] Saucelabs Plugin will not attempt to auto update job status and information !

2023-01-27 23:17:26 - [TEST_STEP][PASSED] - openBrowser(""): Browser is opened with url: ''

2023-01-27 23:17:26 - [MESSAGE][INFO] - Starting 'Chrome' driver

2023-01-27 23:17:26 - [MESSAGE][INFO] - User set preference: ['args', '[--no-sandbox, --disable-dev-shm-usage, --disable-gpu, --disable-extension, --remote-debugging-port=9222, --crash-dumps-dir=/tmp]']

2023-01-27 23:17:26 - [MESSAGE][INFO] - Action delay is set to 0 milliseconds

2023-01-27 23:17:31 - [MESSAGE][PASSED] - Browser is opened with url: ''

2023-01-27 23:17:31 - [TEST_STEP][PASSED] - navigateToUrl("https://katalon-demo-cura.herokuapp.com/"): Navigate to 'https://katalon-demo-cura.herokuapp.com/' successfully

2023-01-27 23:17:34 - [MESSAGE][PASSED] - Navigate to 'https://katalon-demo-cura.herokuapp.com/' successfully

2023-01-27 23:17:34 - [TEST_STEP][PASSED] - click(findTestObject("Object Repository/Page_CURA Healthcare Service/a_Make Appointment")): Object: 'Object Repository/Page_CURA Healthcare Service/a_Make Appointment' is clicked on

2023-01-27 23:17:35 - [MESSAGE][PASSED] - Object: 'Object Repository/Page_CURA Healthcare Service/a_Make Appointment' is clicked on

2023-01-27 23:17:35 - [TEST_STEP][PASSED] - setText(findTestObject("Object Repository/Page_CURA Healthcare Service/input_Username_username"), "John Doe"): Text 'John Doe' is set on object 'Object Repository/Page_CURA Healthcare Service/input_Username_username'

2023-01-27 23:17:36 - [MESSAGE][PASSED] - Text 'John Doe' is set on object 'Object Repository/Page_CURA Healthcare Service/input_Username_username'

2023-01-27 23:17:36 - [TEST_STEP][PASSED] - setEncryptedText(findTestObject("Object Repository/Page_CURA Healthcare Service/input_Password_password"), "g3/DOGG74jC3Flrr3yH+3D/yKbOqqUNM"): Text ****** has been set on object 'Object Repository/Page_CURA Healthcare Service/input_Password_password'

2023-01-27 23:17:37 - [MESSAGE][PASSED] - Text ****** has been set on object 'Object Repository/Page_CURA Healthcare Service/input_Password_password'

2023-01-27 23:17:37 - [TEST_STEP][PASSED] - click(findTestObject("Object Repository/Page_CURA Healthcare Service/button_Login")): Object: 'Object Repository/Page_CURA Healthcare Service/button_Login' is clicked on

2023-01-27 23:17:38 - [MESSAGE][PASSED] - Object: 'Object Repository/Page_CURA Healthcare Service/button_Login' is clicked on

2023-01-27 23:17:38 - [TEST_STEP][PASSED] - closeBrowser(): Browser is closed

2023-01-27 23:17:38 - [MESSAGE][PASSED] - Browser is closed

2023-01-27 23:17:38 - [TEST_STEP][PASSED] - Start listener action : sampleAfterTestCase: null

2023-01-27 23:17:38 - [TEST_STEP][PASSED] - Start listener action : autoUpdateJobStatus: [SAUCELABS] Current run configuration: Chrome

2023-01-27 23:17:38 - [MESSAGE][INFO] - [SAUCELABS] Current run configuration: Chrome]]></system-out>
         <system-err><![CDATA[]]></system-err>
      </testcase>
      <system-out><![CDATA[2023-01-27 23:17:26 - [TEST_SUITE][PASSED] - Demo Healcare Login: Test Cases/Demo Healthcare Login]]></system-out>
      <system-err><![CDATA[]]></system-err>
   </testsuite>
</testsuites>
